# JRE version: OpenJDK Runtime Environment JBR-11.0.10.8-1145.96-jcef (11.0.10+8) (build 11.0.10+8-b1145.96)
# Java VM: OpenJDK 64-Bit Server VM JBR-11.0.10.8-1145.96-jcef (11.0.10+8-b1145.96, mixed mode, tiered, compressed oops, g1 gc, windows-amd64)
Heap:
 garbage-first heap   total 131072K, used 9479K [0x0000000080800000, 0x0000000100000000)
  region size 1024K, 4 young (4096K), 0 survivors (0K)
 Metaspace       used 22528K, capacity 22940K, committed 23728K, reserved 1071104K
  class space    used 2205K, capacity 2312K, committed 2560K, reserved 1048576K
GC Heap History (20 events):
Event: 2.162 GC heap before
{Heap before GC invocations=2 (full 0):
 garbage-first heap   total 131072K, used 20026K [0x0000000080800000, 0x0000000100000000)
  region size 1024K, 17 young (17408K), 2 survivors (2048K)
 Metaspace       used 20645K, capacity 21163K, committed 21296K, reserved 1069056K
  class space    used 2151K, capacity 2348K, committed 2432K, reserved 1048576K
}
Event: 2.167 GC heap after
{Heap after GC invocations=3 (full 0):
 garbage-first heap   total 131072K, used 7271K [0x0000000080800000, 0x0000000100000000)
  region size 1024K, 4 young (4096K), 4 survivors (4096K)
 Metaspace       used 20645K, capacity 21163K, committed 21296K, reserved 1069056K
  class space    used 2151K, capacity 2348K, committed 2432K, reserved 1048576K
}
Event: 3602.169 GC heap before
{Heap before GC invocations=4 (full 0):
 garbage-first heap   total 131072K, used 33895K [0x0000000080800000, 0x0000000100000000)
  region size 1024K, 31 young (31744K), 4 survivors (4096K)
 Metaspace       used 22309K, capacity 22916K, committed 23216K, reserved 1071104K
  class space    used 2297K, capacity 2490K, committed 2560K, reserved 1048576K
}
Event: 3602.185 GC heap after
{Heap after GC invocations=5 (full 1):
 garbage-first heap   total 131072K, used 7148K [0x0000000080800000, 0x0000000100000000)
  region size 1024K, 0 young (0K), 0 survivors (0K)
 Metaspace       used 22309K, capacity 22916K, committed 23216K, reserved 1071104K
  class space    used 2297K, capacity 2490K, committed 2560K, reserved 1048576K
}
Event: 6483.877 GC heap before
{Heap before GC invocations=5 (full 1):
 garbage-first heap   total 131072K, used 36844K [0x0000000080800000, 0x0000000100000000)
  region size 1024K, 29 young (29696K), 0 survivors (0K)
 Metaspace       used 22823K, capacity 23480K, committed 23728K, reserved 1071104K
  class space    used 2302K, capacity 2499K, committed 2560K, reserved 1048576K
}
Event: 6483.879 GC heap after
{Heap after GC invocations=6 (full 1):
 garbage-first heap   total 131072K, used 7971K [0x0000000080800000, 0x0000000100000000)
  region size 1024K, 1 young (1024K), 1 survivors (1024K)
 Metaspace       used 22823K, capacity 23480K, committed 23728K, reserved 1071104K
  class space    used 2302K, capacity 2499K, committed 2560K, reserved 1048576K
}
Event: 10083.887 GC heap before
{Heap before GC invocations=6 (full 1):
 garbage-first heap   total 131072K, used 28451K [0x0000000080800000, 0x0000000100000000)
  region size 1024K, 22 young (22528K), 1 survivors (1024K)
 Metaspace       used 22899K, capacity 23551K, committed 23728K, reserved 1071104K
  class space    used 2303K, capacity 2500K, committed 2560K, reserved 1048576K
}
Event: 10084.004 GC heap after
{Heap after GC invocations=7 (full 2):
 garbage-first heap   total 131072K, used 6748K [0x0000000080800000, 0x0000000100000000)
  region size 1024K, 0 young (0K), 0 survivors (0K)
 Metaspace       used 22537K, capacity 22989K, committed 23728K, reserved 1071104K
  class space    used 2215K, capacity 2331K, committed 2560K, reserved 1048576K
}
Event: 13684.015 GC heap before
{Heap before GC invocations=7 (full 2):
 garbage-first heap   total 131072K, used 12892K [0x0000000080800000, 0x0000000100000000)
  region size 1024K, 7 young (7168K), 0 survivors (0K)
 Metaspace       used 22557K, capacity 22989K, committed 23728K, reserved 1071104K
  class space    used 2215K, capacity 2331K, committed 2560K, reserved 1048576K
}
Event: 13684.063 GC heap after
{Heap after GC invocations=8 (full 3):
 garbage-first heap   total 131072K, used 6428K [0x0000000080800000, 0x0000000100000000)
  region size 1024K, 0 young (0K), 0 survivors (0K)
 Metaspace       used 22467K, capacity 22851K, committed 23728K, reserved 1071104K
  class space    used 2203K, capacity 2308K, committed 2560K, reserved 1048576K
}
Event: 17284.063 GC heap before
{Heap before GC invocations=8 (full 3):
 garbage-first heap   total 131072K, used 18716K [0x0000000080800000, 0x0000000100000000)
  region size 1024K, 13 young (13312K), 0 survivors (0K)
 Metaspace       used 22584K, capacity 22996K, committed 23728K, reserved 1071104K
  class space    used 2216K, capacity 2332K, committed 2560K, reserved 1048576K
}
Event: 17284.080 GC heap after
{Heap after GC invocations=9 (full 4):
 garbage-first heap   total 131072K, used 6794K [0x0000000080800000, 0x0000000100000000)
  region size 1024K, 0 young (0K), 0 survivors (0K)
 Metaspace       used 22584K, capacity 22996K, committed 23728K, reserved 1071104K
  class space    used 2216K, capacity 2332K, committed 2560K, reserved 1048576K
}
Event: 20884.081 GC heap before
{Heap before GC invocations=9 (full 4):
 garbage-first heap   total 131072K, used 13962K [0x0000000080800000, 0x0000000100000000)
  region size 1024K, 8 young (8192K), 0 survivors (0K)
 Metaspace       used 22591K, capacity 22996K, committed 23728K, reserved 1071104K
  class space    used 2216K, capacity 2332K, committed 2560K, reserved 1048576K
}
Event: 20884.125 GC heap after
{Heap after GC invocations=10 (full 5):
 garbage-first heap   total 131072K, used 6441K [0x0000000080800000, 0x0000000100000000)
  region size 1024K, 0 young (0K), 0 survivors (0K)
 Metaspace       used 22518K, capacity 22882K, committed 23728K, reserved 1071104K
  class space    used 2205K, capacity 2313K, committed 2560K, reserved 1048576K
}
Event: 24484.148 GC heap before
{Heap before GC invocations=10 (full 5):
 garbage-first heap   total 131072K, used 13609K [0x0000000080800000, 0x0000000100000000)
  region size 1024K, 8 young (8192K), 0 survivors (0K)
 Metaspace       used 22523K, capacity 22882K, committed 23728K, reserved 1071104K
  class space    used 2205K, capacity 2313K, committed 2560K, reserved 1048576K
}
Event: 24484.188 GC heap after
{Heap after GC invocations=11 (full 6):
 garbage-first heap   total 131072K, used 6423K [0x0000000080800000, 0x0000000100000000)
  region size 1024K, 0 young (0K), 0 survivors (0K)
 Metaspace       used 22520K, capacity 22876K, committed 23728K, reserved 1071104K
  class space    used 2205K, capacity 2312K, committed 2560K, reserved 1048576K
}
Event: 28084.373 GC heap before
{Heap before GC invocations=11 (full 6):
 garbage-first heap   total 131072K, used 13591K [0x0000000080800000, 0x0000000100000000)
  region size 1024K, 8 young (8192K), 0 survivors (0K)
 Metaspace       used 22526K, capacity 22940K, committed 23728K, reserved 1071104K
  class space    used 2205K, capacity 2312K, committed 2560K, reserved 1048576K
}
Event: 28084.385 GC heap after
{Heap after GC invocations=12 (full 7):
 garbage-first heap   total 131072K, used 6406K [0x0000000080800000, 0x0000000100000000)
  region size 1024K, 0 young (0K), 0 survivors (0K)
 Metaspace       used 22526K, capacity 22940K, committed 23728K, reserved 1071104K
  class space    used 2205K, capacity 2312K, committed 2560K, reserved 1048576K
}
Event: 31684.393 GC heap before
{Heap before GC invocations=12 (full 7):
 garbage-first heap   total 131072K, used 13574K [0x0000000080800000, 0x0000000100000000)
  region size 1024K, 8 young (8192K), 0 survivors (0K)
 Metaspace       used 22528K, capacity 22940K, committed 23728K, reserved 1071104K
  class space    used 2205K, capacity 2312K, committed 2560K, reserved 1048576K
}
Event: 31684.406 GC heap after
{Heap after GC invocations=13 (full 8):
 garbage-first heap   total 131072K, used 6407K [0x0000000080800000, 0x0000000100000000)
  region size 1024K, 0 young (0K), 0 survivors (0K)
 Metaspace       used 22528K, capacity 22940K, committed 23728K, reserved 1071104K
  class space    used 2205K, capacity 2312K, committed 2560K, reserved 1048576K
}

